2021-11-30 17:20:02.102 INFO  com.xc.datajpa.DatajpaApplication Line:55  - Starting DatajpaApplication using Java 1.8.0_291 on LAPTOP-DOSNGBH2 with PID 2908 (C:\project\springbootmyself\datajpa\build\classes\java\main started by klm01 in C:\project\springbootmyself)
2021-11-30 17:20:02.106 INFO  com.xc.datajpa.DatajpaApplication Line:663 - The following profiles are active: dev
2021-11-30 17:20:03.371 INFO  org.apache.coyote.http11.Http11NioProtocol Line:173 - Initializing ProtocolHandler ["http-nio-8086"]
2021-11-30 17:20:03.372 INFO  org.apache.catalina.core.StandardService Line:173 - Starting service [Tomcat]
2021-11-30 17:20:03.373 INFO  org.apache.catalina.core.StandardEngine Line:173 - Starting Servlet engine: [Apache Tomcat/9.0.48]
2021-11-30 17:20:03.502 INFO  org.apache.catalina.core.ContainerBase.[Tomcat].[localhost].[/] Line:173 - Initializing Spring embedded WebApplicationContext
2021-11-30 17:20:04.190 INFO  com.zaxxer.hikari.HikariDataSource Line:110 - HikariPool-1 - Starting...
2021-11-30 17:20:05.201 INFO  com.zaxxer.hikari.HikariDataSource Line:123 - HikariPool-1 - Start completed.
2021-11-30 17:20:06.821 INFO  org.apache.coyote.http11.Http11NioProtocol Line:173 - Starting ProtocolHandler ["http-nio-8086"]
2021-11-30 17:20:06.859 INFO  com.xc.datajpa.DatajpaApplication Line:61  - Started DatajpaApplication in 5.333 seconds (JVM running for 6.321)
2021-11-30 17:26:45.729 INFO  com.xc.datajpa.DatajpaApplication Line:55  - Starting DatajpaApplication using Java 1.8.0_291 on LAPTOP-DOSNGBH2 with PID 20564 (C:\project\springbootmyself\datajpa\build\classes\java\main started by klm01 in C:\project\springbootmyself)
2021-11-30 17:26:45.732 INFO  com.xc.datajpa.DatajpaApplication Line:663 - The following profiles are active: dev
2021-11-30 17:26:46.922 INFO  org.apache.coyote.http11.Http11NioProtocol Line:173 - Initializing ProtocolHandler ["http-nio-8086"]
2021-11-30 17:26:46.923 INFO  org.apache.catalina.core.StandardService Line:173 - Starting service [Tomcat]
2021-11-30 17:26:46.923 INFO  org.apache.catalina.core.StandardEngine Line:173 - Starting Servlet engine: [Apache Tomcat/9.0.48]
2021-11-30 17:26:47.029 INFO  org.apache.catalina.core.ContainerBase.[Tomcat].[localhost].[/] Line:173 - Initializing Spring embedded WebApplicationContext
2021-11-30 17:26:47.515 INFO  com.zaxxer.hikari.HikariDataSource Line:110 - HikariPool-1 - Starting...
2021-11-30 17:26:48.215 INFO  com.zaxxer.hikari.HikariDataSource Line:123 - HikariPool-1 - Start completed.
2021-11-30 17:26:49.607 INFO  org.apache.coyote.http11.Http11NioProtocol Line:173 - Starting ProtocolHandler ["http-nio-8086"]
2021-11-30 17:26:49.632 INFO  com.xc.datajpa.DatajpaApplication Line:61  - Started DatajpaApplication in 4.471 seconds (JVM running for 5.37)
2021-11-30 17:31:16.610 INFO  com.xc.datajpa.DatajpaApplication Line:55  - Starting DatajpaApplication using Java 1.8.0_291 on LAPTOP-DOSNGBH2 with PID 7840 (C:\project\springbootmyself\datajpa\build\classes\java\main started by klm01 in C:\project\springbootmyself)
2021-11-30 17:31:16.614 INFO  com.xc.datajpa.DatajpaApplication Line:663 - The following profiles are active: dev
2021-11-30 17:31:17.756 INFO  org.apache.coyote.http11.Http11NioProtocol Line:173 - Initializing ProtocolHandler ["http-nio-8086"]
2021-11-30 17:31:17.757 INFO  org.apache.catalina.core.StandardService Line:173 - Starting service [Tomcat]
2021-11-30 17:31:17.757 INFO  org.apache.catalina.core.StandardEngine Line:173 - Starting Servlet engine: [Apache Tomcat/9.0.48]
2021-11-30 17:31:17.862 INFO  org.apache.catalina.core.ContainerBase.[Tomcat].[localhost].[/] Line:173 - Initializing Spring embedded WebApplicationContext
2021-11-30 17:31:18.320 INFO  com.zaxxer.hikari.HikariDataSource Line:110 - HikariPool-1 - Starting...
2021-11-30 17:31:19.003 INFO  com.zaxxer.hikari.HikariDataSource Line:123 - HikariPool-1 - Start completed.
2021-11-30 17:31:20.342 INFO  org.apache.coyote.http11.Http11NioProtocol Line:173 - Starting ProtocolHandler ["http-nio-8086"]
2021-11-30 17:31:20.367 INFO  com.xc.datajpa.DatajpaApplication Line:61  - Started DatajpaApplication in 4.375 seconds (JVM running for 5.285)
